mode: set
github.com/Ephex2/gophercises/5/linkparser/linkparser.go:18.54,20.16 2 1
github.com/Ephex2/gophercises/5/linkparser/linkparser.go:25.2,29.35 3 1
github.com/Ephex2/gophercises/5/linkparser/linkparser.go:51.2,52.22 2 1
github.com/Ephex2/gophercises/5/linkparser/linkparser.go:20.16,22.3 1 0
github.com/Ephex2/gophercises/5/linkparser/linkparser.go:29.35,32.51 2 1
github.com/Ephex2/gophercises/5/linkparser/linkparser.go:46.3,46.54 1 1
github.com/Ephex2/gophercises/5/linkparser/linkparser.go:32.51,33.32 1 1
github.com/Ephex2/gophercises/5/linkparser/linkparser.go:41.4,41.25 1 1
github.com/Ephex2/gophercises/5/linkparser/linkparser.go:33.32,34.27 1 1
github.com/Ephex2/gophercises/5/linkparser/linkparser.go:34.27,38.6 3 1
github.com/Ephex2/gophercises/5/linkparser/linkparser.go:41.25,43.5 1 1
github.com/Ephex2/gophercises/5/linkparser/linkparser.go:46.54,48.4 1 1
github.com/Ephex2/gophercises/5/linkparser/linkparser.go:55.65,57.19 1 1
github.com/Ephex2/gophercises/5/linkparser/linkparser.go:64.2,64.46 1 1
github.com/Ephex2/gophercises/5/linkparser/linkparser.go:69.2,69.25 1 1
github.com/Ephex2/gophercises/5/linkparser/linkparser.go:73.2,73.26 1 1
github.com/Ephex2/gophercises/5/linkparser/linkparser.go:77.2,78.13 2 1
github.com/Ephex2/gophercises/5/linkparser/linkparser.go:57.19,59.3 1 1
github.com/Ephex2/gophercises/5/linkparser/linkparser.go:59.8,59.31 1 1
github.com/Ephex2/gophercises/5/linkparser/linkparser.go:59.31,61.3 1 1
github.com/Ephex2/gophercises/5/linkparser/linkparser.go:64.46,66.3 1 1
github.com/Ephex2/gophercises/5/linkparser/linkparser.go:69.25,71.3 1 1
github.com/Ephex2/gophercises/5/linkparser/linkparser.go:73.26,75.3 1 1
github.com/Ephex2/gophercises/5/linkparser/linkparser.go:81.55,86.31 3 1
github.com/Ephex2/gophercises/5/linkparser/linkparser.go:95.2,95.22 1 1
github.com/Ephex2/gophercises/5/linkparser/linkparser.go:86.31,93.3 5 1
github.com/Ephex2/gophercises/5/linkparser/linkparser.go:98.39,101.16 2 0
github.com/Ephex2/gophercises/5/linkparser/linkparser.go:105.2,105.31 1 0
github.com/Ephex2/gophercises/5/linkparser/linkparser.go:101.16,103.3 1 0
github.com/Ephex2/gophercises/5/sitemap/sitemap.go:36.31,39.2 2 1
github.com/Ephex2/gophercises/5/sitemap/sitemap.go:41.58,42.79 1 1
github.com/Ephex2/gophercises/5/sitemap/sitemap.go:47.2,47.20 1 1
github.com/Ephex2/gophercises/5/sitemap/sitemap.go:52.2,56.37 3 1
github.com/Ephex2/gophercises/5/sitemap/sitemap.go:42.79,44.3 1 0
github.com/Ephex2/gophercises/5/sitemap/sitemap.go:47.20,49.3 1 1
github.com/Ephex2/gophercises/5/sitemap/sitemap.go:59.66,61.22 1 1
github.com/Ephex2/gophercises/5/sitemap/sitemap.go:68.2,70.16 3 1
github.com/Ephex2/gophercises/5/sitemap/sitemap.go:74.2,78.29 3 1
github.com/Ephex2/gophercises/5/sitemap/sitemap.go:61.22,65.3 2 1
github.com/Ephex2/gophercises/5/sitemap/sitemap.go:70.16,72.3 1 0
github.com/Ephex2/gophercises/5/sitemap/sitemap.go:78.29,83.54 2 1
github.com/Ephex2/gophercises/5/sitemap/sitemap.go:88.3,88.46 1 1
github.com/Ephex2/gophercises/5/sitemap/sitemap.go:83.54,85.4 1 1
github.com/Ephex2/gophercises/5/sitemap/sitemap.go:88.46,93.25 4 1
github.com/Ephex2/gophercises/5/sitemap/sitemap.go:93.25,96.5 2 1
github.com/Ephex2/gophercises/5/sitemap/sitemap.go:101.48,110.2 6 1
github.com/Ephex2/gophercises/5/sitemap/sitemap.go:112.38,115.2 1 1
github.com/Ephex2/gophercises/5/sitemap/sitemap.go:117.51,120.29 1 1
github.com/Ephex2/gophercises/5/sitemap/sitemap.go:125.2,125.18 1 1
github.com/Ephex2/gophercises/5/sitemap/sitemap.go:120.29,121.18 1 1
github.com/Ephex2/gophercises/5/sitemap/sitemap.go:121.18,123.4 1 1
github.com/Ephex2/gophercises/5/sitemap/sitemap.go:128.38,130.34 1 1
github.com/Ephex2/gophercises/5/sitemap/sitemap.go:134.2,137.30 4 1
github.com/Ephex2/gophercises/5/sitemap/sitemap.go:130.34,132.3 1 1
github.com/Ephex2/gophercises/5/sitemap/sitemap.go:140.41,147.16 3 1
github.com/Ephex2/gophercises/5/sitemap/sitemap.go:152.2,153.16 2 1
github.com/Ephex2/gophercises/5/sitemap/sitemap.go:156.2,160.16 3 1
github.com/Ephex2/gophercises/5/sitemap/sitemap.go:165.2,166.16 2 1
github.com/Ephex2/gophercises/5/sitemap/sitemap.go:170.2,170.56 1 1
github.com/Ephex2/gophercises/5/sitemap/sitemap.go:147.16,149.3 1 0
github.com/Ephex2/gophercises/5/sitemap/sitemap.go:153.16,155.3 1 0
github.com/Ephex2/gophercises/5/sitemap/sitemap.go:160.16,162.3 1 0
github.com/Ephex2/gophercises/5/sitemap/sitemap.go:166.16,168.3 1 0
github.com/Ephex2/gophercises/5/sitemap/sitemap.go:173.52,175.16 2 1
github.com/Ephex2/gophercises/5/sitemap/sitemap.go:179.2,181.16 3 1
github.com/Ephex2/gophercises/5/sitemap/sitemap.go:185.2,185.12 1 1
github.com/Ephex2/gophercises/5/sitemap/sitemap.go:175.16,177.3 1 0
github.com/Ephex2/gophercises/5/sitemap/sitemap.go:181.16,183.3 1 0
