mode: set
github.com/Ephex2/gophercises/4/linkparser/linkparser.go:18.54,20.16 2 1
github.com/Ephex2/gophercises/4/linkparser/linkparser.go:25.2,29.35 3 1
github.com/Ephex2/gophercises/4/linkparser/linkparser.go:51.2,52.22 2 1
github.com/Ephex2/gophercises/4/linkparser/linkparser.go:20.16,22.3 1 0
github.com/Ephex2/gophercises/4/linkparser/linkparser.go:29.35,32.51 2 1
github.com/Ephex2/gophercises/4/linkparser/linkparser.go:46.3,46.54 1 1
github.com/Ephex2/gophercises/4/linkparser/linkparser.go:32.51,33.32 1 1
github.com/Ephex2/gophercises/4/linkparser/linkparser.go:41.4,41.25 1 1
github.com/Ephex2/gophercises/4/linkparser/linkparser.go:33.32,34.27 1 1
github.com/Ephex2/gophercises/4/linkparser/linkparser.go:34.27,38.6 3 1
github.com/Ephex2/gophercises/4/linkparser/linkparser.go:41.25,43.5 1 1
github.com/Ephex2/gophercises/4/linkparser/linkparser.go:46.54,48.4 1 1
github.com/Ephex2/gophercises/4/linkparser/linkparser.go:55.65,57.19 1 1
github.com/Ephex2/gophercises/4/linkparser/linkparser.go:64.2,64.46 1 1
github.com/Ephex2/gophercises/4/linkparser/linkparser.go:69.2,69.25 1 1
github.com/Ephex2/gophercises/4/linkparser/linkparser.go:73.2,73.26 1 1
github.com/Ephex2/gophercises/4/linkparser/linkparser.go:77.2,78.13 2 1
github.com/Ephex2/gophercises/4/linkparser/linkparser.go:57.19,59.3 1 1
github.com/Ephex2/gophercises/4/linkparser/linkparser.go:59.8,59.31 1 1
github.com/Ephex2/gophercises/4/linkparser/linkparser.go:59.31,61.3 1 1
github.com/Ephex2/gophercises/4/linkparser/linkparser.go:64.46,66.3 1 1
github.com/Ephex2/gophercises/4/linkparser/linkparser.go:69.25,71.3 1 1
github.com/Ephex2/gophercises/4/linkparser/linkparser.go:73.26,75.3 1 1
github.com/Ephex2/gophercises/4/linkparser/linkparser.go:81.55,86.31 3 1
github.com/Ephex2/gophercises/4/linkparser/linkparser.go:95.2,95.22 1 1
github.com/Ephex2/gophercises/4/linkparser/linkparser.go:86.31,93.3 5 1
github.com/Ephex2/gophercises/4/linkparser/linkparser.go:98.39,101.16 2 0
github.com/Ephex2/gophercises/4/linkparser/linkparser.go:105.2,105.31 1 0
github.com/Ephex2/gophercises/4/linkparser/linkparser.go:101.16,103.3 1 0
